13:44:31 - Items loaded from memory
13:44:31 - The machine placed a random order no.1
13:44:31 - The machine placed a random order no.2
13:44:31 - The machine placed a random order no.3
13:44:31 - The machine placed a random order no.4
13:44:31 - The machine placed a random order no.5
13:44:31 - The machine placed a random order no.6
13:44:31 - The machine placed a random order no.7
13:44:31 - The machine placed a random order no.8
13:44:31 - The machine placed a random order no.9
13:44:31 - The machine placed a random order no.10
13:44:34 - Logged in as admin
13:44:38 - The restaurant changes status to open
13:44:38 - The kitchen changes status to open
13:44:48 - The machine placed a random order no.11
13:44:53 - The machine placed a random order no.12
13:45:9 - The kitchen has completed the order no.1
13:45:9 - The waiter Ryszard Lubicz took the order to the table no.42
	and got a tip 8.0 PLN
13:45:18 - The machine placed a random order no.13
13:45:21 - The restaurant changes status to close
13:45:23 - Admin forced the termination of kitchens and suppliers
13:45:23 - Closing the application
