1:59:25 - Items loaded from memory
1:59:25 - The kitchen changes status to open
1:59:25 - The machine placed a random order no.1
1:59:25 - The machine placed a random order no.2
1:59:25 - The machine placed a random order no.3
1:59:25 - The machine placed a random order no.4
1:59:25 - The machine placed a random order no.5
1:59:25 - The machine placed a random order no.6
1:59:25 - The machine placed a random order no.7
1:59:25 - The machine placed a random order no.8
1:59:25 - The machine placed a random order no.9
1:59:25 - The machine placed a random order no.10
1:59:35 - The machine placed a random order no.11
1:59:35 - The kitchen has completed the order no.1
1:59:35 - Deliverer Karol Krawczyk (tel. 131019980)
		starting delivery of the order no.1 from the hour 01:59:25
1:59:47 - The machine placed a random order no.12
2:0:6 - The kitchen has completed the order no.2
2:0:6 - Delivery no.1 has been delivered to Biala 64
2:0:11 - The machine placed a random order no.13
2:0:23 - The machine placed a random order no.14
2:0:52 - The kitchen has completed the order no.3
2:1:17 - The kitchen has completed the order no.4
2:1:20 - The machine placed a random order no.15
2:1:48 - The kitchen has completed the order no.5
2:1:55 - The machine placed a random order no.16
2:2:4 - The machine placed a random order no.17
2:2:55 - The kitchen has completed the order no.7
2:2:57 - The machine placed a random order no.18
2:3:8 - The machine placed a random order no.19
2:3:15 - The kitchen has completed the order no.8
2:3:26 - The machine placed a random order no.20
2:3:46 - The kitchen has completed the order no.9
2:3:58 - The machine placed a random order no.21
2:4:1 - The kitchen has completed the order no.10
2:4:12 - The machine placed a random order no.22
2:4:17 - The kitchen has completed the order no.11
2:5:6 - The machine placed a random order no.23
2:5:8 - The kitchen has completed the order no.12
2:5:12 - The machine placed a random order no.24
