21:2:33 - Items loaded from memory
21:2:33 - The kitchen changes status to open
21:2:33 - The machine placed a random order no.1
21:2:33 - The machine placed a random order no.2
21:2:33 - The machine placed a random order no.3
21:2:33 - The machine placed a random order no.4
21:2:33 - The machine placed a random order no.5
21:2:33 - The machine placed a random order no.6
21:2:33 - The machine placed a random order no.7
21:2:33 - The machine placed a random order no.8
21:2:33 - The machine placed a random order no.9
21:2:33 - The machine placed a random order no.10
21:2:37 - Logged in as admin
21:2:43 - The machine placed a random order no.11
21:2:48 - The kitchen has completed the order no.4
21:2:48 - The waiter Marian Paździoch took the order to the table no.45
	and got a tip 53.0 PLN
21:3:29 - The kitchen has completed the order no.7
21:3:29 - The waiter Olga Brzoza took the order to the table no.64
	and got a tip 85.0 PLN
21:3:40 - The machine placed a random order no.12
21:4:0 - The kitchen has completed the order no.8
21:4:0 - The waiter Marian Paździoch took the order to the table no.49
	and got a tip 69.0 PLN
21:4:20 - The kitchen has completed the order no.9
21:4:20 - The waiter Marian Paździoch took the order to the table no.42
	and got a tip 62.0 PLN
21:4:31 - The machine placed a random order no.13
21:4:34 - The machine placed a random order no.14
21:4:40 - The machine placed a random order no.15
21:4:47 - The machine placed a random order no.16
21:4:51 - The kitchen has completed the order no.10
21:4:51 - The waiter Marian Paździoch took the order to the table no.4
	and got a tip 48.0 PLN
21:5:7 - The machine placed a random order no.17
21:5:29 - The machine placed a random order no.18
21:5:37 - The kitchen has completed the order no.13
21:5:37 - The waiter Marian Paździoch took the order to the table no.47
	and got a tip 89.0 PLN
21:6:3 - The kitchen has completed the order no.14
21:6:3 - The waiter Olga Brzoza took the order to the table no.89
	and got a tip 50.0 PLN
21:6:15 - The machine placed a random order no.19
21:6:18 - The kitchen has completed the order no.16
21:6:18 - The waiter Olga Brzoza took the order to the table no.92
	and got a tip 33.0 PLN
21:6:49 - The kitchen has completed the order no.17
21:6:49 - The waiter Olga Brzoza took the order to the table no.24
	and got a tip 66.0 PLN
21:7:1 - The machine placed a random order no.20
21:7:35 - The kitchen has completed the order no.1
21:7:35 - Deliverer Edward Listonosz (tel. 604114771)
		starting delivery of the order no.1 from the hour 09:02:33
21:7:47 - The machine placed a random order no.21
21:7:55 - The deliverer Edward Listonoszdelivered order no.1to Kacza 44
	and got a tip 77.0PLN
21:8:7 - The machine placed a random order no.22
21:8:16 - The deliverer Edward Listonoszcome back after delivery and he's ready for the next
21:8:16 - The kitchen has completed the order no.2
21:8:16 - Deliverer Roman Kurski (tel. 223182091)
		starting delivery of the order no.2 from the hour 09:02:33
21:8:47 - The kitchen has completed the order no.22
21:8:47 - The waiter Olga Brzoza took the order to the table no.34
	and got a tip 47.0 PLN
21:8:50 - The machine placed a random order no.23
21:8:56 - The machine placed a random order no.24
21:8:58 - The machine placed a random order no.25
