21:23:51 - Items loaded from memory
21:23:51 - The kitchen changes status to open
21:23:51 - The machine placed a random order no.1
21:23:51 - The machine placed a random order no.2
21:23:51 - The machine placed a random order no.3
21:23:51 - The machine placed a random order no.4
21:23:51 - The machine placed a random order no.5
21:23:51 - The machine placed a random order no.6
21:23:51 - The machine placed a random order no.7
21:23:51 - The machine placed a random order no.8
21:23:51 - The machine placed a random order no.9
21:23:51 - The machine placed a random order no.10
21:23:59 - Logged in as admin
21:24:1 - The machine placed a random order no.11
21:24:12 - The kitchen has completed the order no.1
21:24:12 - The waiter Olga Brzoza took the order to the table no.56
	and got a tip 48.0 PLN
21:24:20 - The machine placed a random order no.12
21:24:43 - The kitchen has completed the order no.2
21:24:43 - The waiter Olga Brzoza took the order to the table no.70
	and got a tip 61.0 PLN
21:24:53 - The machine placed a random order no.13
21:25:3 - The kitchen has completed the order no.5
21:25:3 - The waiter Olga Brzoza took the order to the table no.27
	and got a tip 45.0 PLN
21:25:13 - The kitchen has completed the order no.6
21:25:13 - The waiter Olga Brzoza took the order to the table no.19
	and got a tip 8.0 PLN
21:25:34 - The kitchen has completed the order no.8
21:25:34 - The waiter Marian Paździoch took the order to the table no.69
	and got a tip 31.0 PLN
21:25:44 - The machine placed a random order no.14
21:25:59 - The kitchen has completed the order no.11
21:25:59 - The waiter Marian Paździoch took the order to the table no.22
	and got a tip 69.0 PLN
21:26:8 - The machine placed a random order no.15
21:26:10 - The kitchen has completed the order no.12
21:26:10 - The waiter Olga Brzoza took the order to the table no.56
	and got a tip 17.0 PLN
21:26:20 - The kitchen has completed the order no.15
21:26:20 - The waiter Marian Paździoch took the order to the table no.44
	and got a tip 36.0 PLN
21:26:40 - The kitchen has completed the order no.3
21:26:40 - Deliverer Roman Kurski (tel. 223182091)
		starting delivery of the order no.3 from the hour 09:23:51
21:26:48 - The machine placed a random order no.16
21:26:55 - The machine placed a random order no.17
21:27:6 - The kitchen has completed the order no.4
21:27:6 - Deliverer Michal Kozak (tel. 370336676)
		starting delivery of the order no.4 from the hour 09:23:51
21:27:23 - The deliverer Michal Kozakdelivered order no.4to Biala 11
	and got a tip 43.0PLN
21:27:38 - The deliverer Roman Kurskidelivered order no.3to Graniczna 10
	and got a tip 52.0PLN
21:27:40 - The deliverer Michal Kozakcome back after delivery and he's ready for the next
21:27:53 - The machine placed a random order no.18
21:27:57 - The kitchen has completed the order no.16
21:27:57 - The waiter Olga Brzoza took the order to the table no.79
	and got a tip 110.0 PLN
21:27:59 - The machine placed a random order no.19
21:28:13 - The machine placed a random order no.20
21:28:16 - The machine placed a random order no.21
21:28:23 - The kitchen has completed the order no.17
21:28:23 - The waiter Olga Brzoza took the order to the table no.9
	and got a tip 46.0 PLN
21:28:36 - The deliverer Roman Kurskicome back after delivery and he's ready for the next
21:28:49 - The machine placed a random order no.22
21:28:53 - The kitchen has completed the order no.20
21:28:53 - The waiter Olga Brzoza took the order to the table no.67
	and got a tip 56.0 PLN
21:29:19 - The kitchen has completed the order no.21
21:29:19 - The waiter Olga Brzoza took the order to the table no.53
	and got a tip 37.0 PLN
21:29:24 - The machine placed a random order no.23
21:29:24 - The kitchen has completed the order no.7
21:29:24 - Deliverer Michal Kozak (tel. 370336676)
		starting delivery of the order no.7 from the hour 09:23:51
21:30:15 - The kitchen has completed the order no.23
21:30:15 - The waiter Marian Paździoch took the order to the table no.49
	and got a tip 168.0 PLN
21:30:19 - The deliverer Michal Kozakdelivered order no.7to Drewniana 52
	and got a tip 9.0PLN
21:30:20 - The machine placed a random order no.24
21:30:51 - The kitchen has completed the order no.9
21:30:51 - Deliverer Karol Krawczyk (tel. 131019980)
		starting delivery of the order no.9 from the hour 09:23:51
21:31:6 - The machine placed a random order no.25
21:31:14 - The deliverer Michal Kozakcome back after delivery and he's ready for the next
21:31:27 - The machine placed a random order no.26
21:31:27 - The kitchen has completed the order no.10
21:31:27 - Deliverer Roman Kurski (tel. 223182091)
		starting delivery of the order no.10 from the hour 09:23:51
21:31:37 - The kitchen has completed the order no.13
21:31:37 - Deliverer Michal Kozak (tel. 370336676)
		starting delivery of the order no.13 from the hour 09:24:53
21:31:39 - The deliverer Karol Krawczykdelivered order no.9to Wojciecha Gorskiego 43
	and got a tip 34.0PLN
21:31:48 - The kitchen has completed the order no.14
21:31:48 - Deliverer Arnold Boczek (tel. 222127222)
		starting delivery of the order no.14 from the hour 09:25:44
21:31:54 - The deliverer Roman Kurskidelivered order no.10to Biala 47
	and got a tip 28.0PLN
21:32:13 - The machine placed a random order no.27
21:32:20 - The deliverer Roman Kurskicome back after delivery and he's ready for the next
21:32:23 - The deliverer Arnold Boczekdelivered order no.14to Kubusia Puchatka 66
	and got a tip 10.0PLN
21:32:24 - The machine placed a random order no.28
21:32:26 - The deliverer Karol Krawczykcome back after delivery and he's ready for the next
21:32:31 - The deliverer Michal Kozakdelivered order no.13to Biala 7
	and got a tip 16.0PLN
21:32:34 - The kitchen has completed the order no.18
21:32:34 - Deliverer Roman Kurski (tel. 223182091)
		starting delivery of the order no.18 from the hour 09:27:53
21:32:44 - The kitchen has completed the order no.19
21:32:44 - Deliverer Edward Listonosz (tel. 604114771)
		starting delivery of the order no.19 from the hour 09:27:59
21:32:45 - The deliverer Roman Kurskidelivered order no.18to Kubusia Puchatka 46
	and got a tip 59.0PLN
21:32:57 - The deliverer Roman Kurskicome back after delivery and he's ready for the next
21:32:58 - The deliverer Arnold Boczekcome back after delivery and he's ready for the next
21:33:4 - The kitchen has completed the order no.22
21:33:4 - Deliverer Roman Kurski (tel. 223182091)
		starting delivery of the order no.22 from the hour 09:28:49
21:33:12 - The machine placed a random order no.29
21:33:13 - The deliverer Edward Listonoszdelivered order no.19to Kubusia Puchatka 11
	and got a tip 5.0PLN
21:33:25 - The deliverer Michal Kozakcome back after delivery and he's ready for the next
21:33:32 - The machine placed a random order no.30
21:33:36 - The deliverer Roman Kurskidelivered order no.22to Kubusia Puchatka 13
	and got a tip 27.0PLN
21:33:42 - The deliverer Edward Listonoszcome back after delivery and he's ready for the next
21:33:45 - The kitchen has completed the order no.24
21:33:45 - Deliverer Karol Krawczyk (tel. 131019980)
		starting delivery of the order no.24 from the hour 09:30:20
21:34:4 - The deliverer Karol Krawczykdelivered order no.24to Wojciecha Gorskiego 72
	and got a tip 55.0PLN
21:34:8 - The deliverer Roman Kurskicome back after delivery and he's ready for the next
21:34:21 - The kitchen has completed the order no.29
21:34:21 - The waiter Olga Brzoza took the order to the table no.49
	and got a tip 76.0 PLN
21:34:23 - The machine placed a random order no.31
21:34:23 - The deliverer Karol Krawczykcome back after delivery and he's ready for the next
21:34:31 - The kitchen has completed the order no.25
21:34:31 - Deliverer Michal Kozak (tel. 370336676)
		starting delivery of the order no.25 from the hour 09:31:06
21:35:3 - The deliverer Michal Kozakdelivered order no.25to Graniczna 1
	and got a tip 19.0PLN
21:35:17 - The kitchen has completed the order no.31
21:35:17 - The waiter Marian Paździoch took the order to the table no.18
	and got a tip 97.0 PLN
21:35:18 - The machine placed a random order no.32
21:35:23 - The kitchen has completed the order no.26
21:35:23 - Deliverer Roman Kurski (tel. 223182091)
		starting delivery of the order no.26 from the hour 09:31:27
21:35:35 - The deliverer Michal Kozakcome back after delivery and he's ready for the next
21:35:36 - The deliverer Roman Kurskidelivered order no.26to Bartycka 30
	and got a tip 3.0PLN
21:35:49 - The deliverer Roman Kurskicome back after delivery and he's ready for the next
21:35:58 - The kitchen has completed the order no.32
21:35:58 - The waiter Olga Brzoza took the order to the table no.61
	and got a tip 107.0 PLN
21:35:59 - The machine placed a random order no.33
21:36:24 - The kitchen has completed the order no.27
21:36:24 - Deliverer Michal Kozak (tel. 370336676)
		starting delivery of the order no.27 from the hour 09:32:13
21:36:37 - The deliverer Michal Kozakdelivered order no.27to Biala 51
	and got a tip 37.0PLN
21:36:50 - The deliverer Michal Kozakcome back after delivery and he's ready for the next
21:36:54 - The machine placed a random order no.34
21:37:5 - The kitchen has completed the order no.28
21:37:5 - Deliverer Edward Listonosz (tel. 604114771)
		starting delivery of the order no.28 from the hour 09:32:24
21:37:10 - The machine placed a random order no.35
21:37:13 - The machine placed a random order no.36
21:37:36 - The kitchen has completed the order no.34
21:37:36 - The waiter Marian Paździoch took the order to the table no.21
	and got a tip 52.0 PLN
21:37:47 - The machine placed a random order no.37
21:37:58 - The deliverer Edward Listonoszdelivered order no.28to Drewniana 2
	and got a tip 74.0PLN
21:38:6 - The kitchen has completed the order no.35
21:38:6 - The waiter Marian Paździoch took the order to the table no.64
	and got a tip 43.0 PLN
21:38:32 - The kitchen has completed the order no.30
21:38:32 - Deliverer Karol Krawczyk (tel. 131019980)
		starting delivery of the order no.30 from the hour 09:33:32
21:38:44 - The machine placed a random order no.38
21:38:51 - The deliverer Edward Listonoszcome back after delivery and he's ready for the next
21:38:57 - The deliverer Karol Krawczykdelivered order no.30to Kacza 29
	and got a tip 33.0PLN
21:39:3 - The kitchen has completed the order no.33
21:39:3 - Deliverer Edward Listonosz (tel. 604114771)
		starting delivery of the order no.33 from the hour 09:35:59
21:39:18 - The kitchen has completed the order no.36
21:39:18 - Deliverer Michal Kozak (tel. 370336676)
		starting delivery of the order no.36 from the hour 09:37:13
21:39:22 - The deliverer Karol Krawczykcome back after delivery and he's ready for the next
21:39:43 - The machine placed a random order no.39
21:39:56 - The deliverer Edward Listonoszdelivered order no.33to Wojciecha Gorskiego 36
	and got a tip 79.0PLN
21:39:57 - The deliverer Michal Kozakdelivered order no.36to Kubusia Puchatka 29
	and got a tip 16.0PLN
21:39:58 - The machine placed a random order no.40
21:39:58 - The machine placed a random order no.41
21:39:59 - The kitchen has completed the order no.37
21:39:59 - Deliverer Karol Krawczyk (tel. 131019980)
		starting delivery of the order no.37 from the hour 09:37:47
21:40:25 - The deliverer Karol Krawczykdelivered order no.37to Wojciecha Gorskiego 12
	and got a tip 57.0PLN
21:40:30 - The kitchen has completed the order no.40
21:40:30 - The waiter Olga Brzoza took the order to the table no.45
	and got a tip 46.0 PLN
21:40:36 - The deliverer Michal Kozakcome back after delivery and he's ready for the next
21:40:45 - The machine placed a random order no.42
21:40:50 - The deliverer Edward Listonoszcome back after delivery and he's ready for the next
21:40:51 - The deliverer Karol Krawczykcome back after delivery and he's ready for the next
21:41:36 - The kitchen has completed the order no.41
21:41:36 - The waiter Marian Paździoch took the order to the table no.38
	and got a tip 80.0 PLN
21:41:44 - The machine placed a random order no.43
21:42:13 - The machine placed a random order no.44
21:42:17 - The machine placed a random order no.45
21:42:22 - The kitchen has completed the order no.38
21:42:22 - Deliverer Michal Kozak (tel. 370336676)
		starting delivery of the order no.38 from the hour 09:38:44
21:42:33 - The kitchen has completed the order no.43
21:42:33 - The waiter Marian Paździoch took the order to the table no.97
	and got a tip 16.0 PLN
21:43:0 - The deliverer Michal Kozakdelivered order no.38to Biala 20
	and got a tip 70.0PLN
21:43:6 - The machine placed a random order no.46
21:43:9 - The kitchen has completed the order no.44
21:43:9 - The waiter Olga Brzoza took the order to the table no.46
	and got a tip 65.0 PLN
21:43:14 - The machine placed a random order no.47
21:43:34 - The kitchen has completed the order no.45
21:43:34 - The waiter Marian Paździoch took the order to the table no.9
	and got a tip 57.0 PLN
21:43:38 - The deliverer Michal Kozakcome back after delivery and he's ready for the next
21:43:44 - The machine placed a random order no.48
21:44:0 - The kitchen has completed the order no.47
21:44:0 - The waiter Marian Paździoch took the order to the table no.5
	and got a tip 46.0 PLN
21:44:22 - The machine placed a random order no.49
21:44:25 - The kitchen has completed the order no.48
21:44:25 - The waiter Olga Brzoza took the order to the table no.34
	and got a tip 61.0 PLN
21:45:8 - The machine placed a random order no.50
21:45:22 - The kitchen has completed the order no.39
21:45:22 - Deliverer Karol Krawczyk (tel. 131019980)
		starting delivery of the order no.39 from the hour 09:39:43
21:46:0 - The machine placed a random order no.51
21:46:8 - The kitchen has completed the order no.50
21:46:8 - The waiter Marian Paździoch took the order to the table no.44
	and got a tip 106.0 PLN
21:46:16 - The deliverer Karol Krawczykdelivered order no.39to Kacza 46
	and got a tip 80.0PLN
21:46:28 - The machine placed a random order no.52
21:46:59 - The kitchen has completed the order no.42
21:46:59 - Deliverer Edward Listonosz (tel. 604114771)
		starting delivery of the order no.42 from the hour 09:40:45
21:47:2 - The machine placed a random order no.53
21:47:4 - The kitchen has completed the order no.46
21:47:4 - Deliverer Arnold Boczek (tel. 222127222)
		starting delivery of the order no.46 from the hour 09:43:06
21:47:9 - The kitchen has completed the order no.49
21:47:9 - Deliverer Roman Kurski (tel. 223182091)
		starting delivery of the order no.49 from the hour 09:44:22
21:47:10 - The deliverer Karol Krawczykcome back after delivery and he's ready for the next
21:47:39 - The deliverer Edward Listonoszdelivered order no.42to Kubusia Puchatka 18
	and got a tip 76.0PLN
21:47:40 - The kitchen has completed the order no.51
21:47:40 - Deliverer Michal Kozak (tel. 370336676)
		starting delivery of the order no.51 from the hour 09:46:00
21:47:40 - The machine placed a random order no.54
21:47:41 - The deliverer Arnold Boczekdelivered order no.46to Bartycka 74
	and got a tip 9.0PLN
21:47:43 - The machine placed a random order no.55
21:47:45 - The kitchen has completed the order no.52
21:47:45 - Deliverer Karol Krawczyk (tel. 131019980)
		starting delivery of the order no.52 from the hour 09:46:28
21:47:55 - The deliverer Roman Kurskidelivered order no.49to Bartycka 7
	and got a tip 8.0PLN
21:48:13 - The machine placed a random order no.56
21:48:18 - The deliverer Arnold Boczekcome back after delivery and he's ready for the next
21:48:18 - The deliverer Edward Listonoszcome back after delivery and he's ready for the next
21:48:20 - The deliverer Michal Kozakdelivered order no.51to Kacza 62
	and got a tip 48.0PLN
21:48:31 - The kitchen has completed the order no.55
21:48:31 - The waiter Olga Brzoza took the order to the table no.72
	and got a tip 143.0 PLN
21:48:36 - The deliverer Karol Krawczykdelivered order no.52to Kubusia Puchatka 55
	and got a tip 8.0PLN
21:48:40 - The deliverer Roman Kurskicome back after delivery and he's ready for the next
21:48:47 - The machine placed a random order no.57
21:48:59 - The deliverer Michal Kozakcome back after delivery and he's ready for the next
21:49:2 - The kitchen has completed the order no.53
21:49:2 - Deliverer Michal Kozak (tel. 370336676)
		starting delivery of the order no.53 from the hour 09:47:02
21:49:26 - The deliverer Karol Krawczykcome back after delivery and he's ready for the next
21:49:26 - The machine placed a random order no.58
21:49:28 - The deliverer Michal Kozakdelivered order no.53to Graniczna 2
	and got a tip 71.0PLN
21:49:47 - The machine placed a random order no.59
21:49:53 - The kitchen has completed the order no.57
21:49:53 - The waiter Marian Paździoch took the order to the table no.91
	and got a tip 107.0 PLN
21:49:55 - The deliverer Michal Kozakcome back after delivery and he's ready for the next
21:50:15 - The machine placed a random order no.60
21:50:39 - The kitchen has completed the order no.58
21:50:39 - The waiter Olga Brzoza took the order to the table no.11
	and got a tip 77.0 PLN
21:50:41 - The machine placed a random order no.61
21:50:44 - The kitchen has completed the order no.59
21:50:44 - The waiter Marian Paździoch took the order to the table no.61
	and got a tip 16.0 PLN
21:50:47 - The machine placed a random order no.62
21:51:25 - The kitchen has completed the order no.54
21:51:25 - Deliverer Michal Kozak (tel. 370336676)
		starting delivery of the order no.54 from the hour 09:47:40
21:51:33 - The machine placed a random order no.63
21:51:40 - The deliverer Michal Kozakdelivered order no.54to Wojciecha Gorskiego 39
	and got a tip 66.0PLN
21:51:51 - The kitchen has completed the order no.62
21:51:51 - The waiter Olga Brzoza took the order to the table no.65
	and got a tip 69.0 PLN
21:51:54 - The deliverer Michal Kozakcome back after delivery and he's ready for the next
21:52:16 - The kitchen has completed the order no.56
21:52:16 - Deliverer Michal Kozak (tel. 370336676)
		starting delivery of the order no.56 from the hour 09:48:13
21:52:19 - The machine placed a random order no.64
21:52:22 - The machine placed a random order no.65
21:52:22 - The kitchen has completed the order no.60
21:52:22 - Deliverer Arnold Boczek (tel. 222127222)
		starting delivery of the order no.60 from the hour 09:50:15
21:52:46 - The deliverer Arnold Boczekdelivered order no.60to Graniczna 25
	and got a tip 15.0PLN
21:52:46 - The deliverer Michal Kozakdelivered order no.56to Biala 38
	and got a tip 59.0PLN
21:53:8 - The kitchen has completed the order no.65
21:53:8 - The waiter Marian Paździoch took the order to the table no.22
	and got a tip 97.0 PLN
21:53:10 - The deliverer Arnold Boczekcome back after delivery and he's ready for the next
21:53:15 - The deliverer Michal Kozakcome back after delivery and he's ready for the next
21:53:21 - The machine placed a random order no.66
21:53:23 - The kitchen has completed the order no.61
21:53:23 - Deliverer Karol Krawczyk (tel. 131019980)
		starting delivery of the order no.61 from the hour 09:50:41
21:53:46 - The machine placed a random order no.67
21:53:59 - The deliverer Karol Krawczykdelivered order no.61to Kubusia Puchatka 72
	and got a tip 43.0PLN
21:54:29 - The machine placed a random order no.68
21:54:34 - The deliverer Karol Krawczykcome back after delivery and he's ready for the next
21:54:34 - The machine placed a random order no.69
21:54:35 - The kitchen has completed the order no.66
21:54:35 - The waiter Marian Paździoch took the order to the table no.99
	and got a tip 147.0 PLN
21:54:45 - The kitchen has completed the order no.69
21:54:45 - The waiter Marian Paździoch took the order to the table no.99
	and got a tip 9.0 PLN
21:54:46 - The machine placed a random order no.70
21:54:48 - The machine placed a random order no.71
21:55:31 - The kitchen has completed the order no.63
21:55:31 - Deliverer Michal Kozak (tel. 370336676)
		starting delivery of the order no.63 from the hour 09:51:33
21:55:37 - The machine placed a random order no.72
21:55:56 - The machine placed a random order no.73
21:56:6 - The deliverer Michal Kozakdelivered order no.63to Kubusia Puchatka 59
	and got a tip 95.0PLN
21:56:12 - The kitchen has completed the order no.64
21:56:12 - Deliverer Edward Listonosz (tel. 604114771)
		starting delivery of the order no.64 from the hour 09:52:19
21:56:30 - The machine placed a random order no.74
21:56:32 - The kitchen has completed the order no.67
21:56:32 - Deliverer Roman Kurski (tel. 223182091)
		starting delivery of the order no.67 from the hour 09:53:46
21:56:41 - The deliverer Michal Kozakcome back after delivery and he's ready for the next
21:56:54 - The deliverer Edward Listonoszdelivered order no.64to Wojciecha Gorskiego 42
	and got a tip 63.0PLN
21:57:8 - The kitchen has completed the order no.68
21:57:8 - Deliverer Karol Krawczyk (tel. 131019980)
		starting delivery of the order no.68 from the hour 09:54:29
21:57:14 - The machine placed a random order no.75
21:57:15 - The machine placed a random order no.76
21:57:28 - The deliverer Roman Kurskidelivered order no.67to Bartycka 13
	and got a tip 27.0PLN
21:57:34 - The kitchen has completed the order no.70
21:57:34 - Deliverer Michal Kozak (tel. 370336676)
		starting delivery of the order no.70 from the hour 09:54:46
21:57:36 - The deliverer Karol Krawczykdelivered order no.68to Biala 76
	and got a tip 53.0PLN
21:57:36 - The deliverer Edward Listonoszcome back after delivery and he's ready for the next
21:57:49 - The kitchen has completed the order no.76
21:57:49 - The waiter Marian Paździoch took the order to the table no.31
	and got a tip 30.0 PLN
21:57:54 - The deliverer Michal Kozakdelivered order no.70to Wojciecha Gorskiego 8
	and got a tip 32.0PLN
21:58:4 - The deliverer Karol Krawczykcome back after delivery and he's ready for the next
21:58:9 - The machine placed a random order no.77
21:58:14 - The deliverer Michal Kozakcome back after delivery and he's ready for the next
21:58:24 - The deliverer Roman Kurskicome back after delivery and he's ready for the next
21:58:46 - The kitchen has completed the order no.71
21:58:46 - Deliverer Edward Listonosz (tel. 604114771)
		starting delivery of the order no.71 from the hour 09:54:48
21:58:51 - The restaurant changes status to close
21:59:21 - The kitchen has completed the order no.77
21:59:21 - The waiter Olga Brzoza took the order to the table no.79
	and got a tip 83.0 PLN
21:59:32 - The kitchen has completed the order no.72
21:59:32 - Deliverer Arnold Boczek (tel. 222127222)
		starting delivery of the order no.72 from the hour 09:55:37
21:59:34 - The deliverer Edward Listonoszdelivered order no.71to Drewniana 34
	and got a tip 89.0PLN
21:59:57 - The kitchen has completed the order no.73
21:59:57 - Deliverer Roman Kurski (tel. 223182091)
		starting delivery of the order no.73 from the hour 09:55:56
22:0:15 - The deliverer Arnold Boczekdelivered order no.72to Kacza 26
	and got a tip 0.0PLN
22:0:23 - The deliverer Edward Listonoszcome back after delivery and he's ready for the next
22:0:28 - The kitchen has completed the order no.74
22:0:28 - Deliverer Edward Listonosz (tel. 604114771)
		starting delivery of the order no.74 from the hour 09:56:30
22:0:33 - The deliverer Roman Kurskidelivered order no.73to Wojciecha Gorskiego 18
	and got a tip 0.0PLN
22:0:57 - The deliverer Arnold Boczekcome back after delivery and he's ready for the next
22:1:9 - The deliverer Roman Kurskicome back after delivery and he's ready for the next
22:1:27 - The deliverer Edward Listonoszdelivered order no.74to Kacza 3
	and got a tip 0.0PLN
22:1:45 - The kitchen has completed the order no.75
22:1:45 - Deliverer Arnold Boczek (tel. 222127222)
		starting delivery of the order no.75 from the hour 09:57:14
22:1:46 - The kitchen stop working
22:2:15 - The deliverer Arnold Boczekdelivered order no.75to Kubusia Puchatka 0
	and got a tip 0.0PLN
22:2:26 - The deliverer Edward Listonoszcome back after delivery and he's ready for the next
22:2:45 - The deliverer Arnold Boczekcome back after delivery and he's ready for the next
