11:47:59 - Items loaded from memory
11:47:59 - The machine placed a random order no.1
11:47:59 - The machine placed a random order no.2
11:47:59 - The machine placed a random order no.3
11:47:59 - The machine placed a random order no.4
11:47:59 - The machine placed a random order no.5
11:47:59 - The machine placed a random order no.6
11:47:59 - The machine placed a random order no.7
11:47:59 - The machine placed a random order no.8
11:47:59 - The machine placed a random order no.9
11:47:59 - The machine placed a random order no.10
11:48:2 - Logged in as admin
11:48:5 - The restaurant changes status to open
11:48:5 - The kitchen changes status to open
11:48:7 - Admin logged out
11:48:15 - The machine placed a random order no.12
11:48:37 - The kitchen has completed the order no.3
11:48:37 - The waiter Sławomir Bogumił took the order to the table no.56
	and got a tip 5.0 PLN
11:48:47 - The machine placed a random order no.13
11:49:0 - The machine placed a random order no.14
11:49:16 - The kitchen has completed the order no.4
11:49:16 - The waiter Sławomir Bogumił took the order to the table no.30
	and got a tip 4.0 PLN
