11:43:30 - Items loaded from memory
11:43:30 - The machine placed a random order no.1
11:43:30 - The machine placed a random order no.2
11:43:30 - The machine placed a random order no.3
11:43:30 - The machine placed a random order no.4
11:43:30 - The machine placed a random order no.5
11:43:30 - The machine placed a random order no.6
11:43:30 - The machine placed a random order no.7
11:43:30 - The machine placed a random order no.8
11:43:30 - The machine placed a random order no.9
11:43:30 - The machine placed a random order no.10
11:43:39 - Logged in as admin
11:43:43 - The restaurant changes status to open
11:43:43 - The kitchen changes status to open
11:43:47 - Admin logged out
11:43:53 - The machine placed a random order no.11
11:44:1 - The machine placed a random order no.12
11:44:7 - The machine placed a random order no.13
11:44:34 - The kitchen has completed the order no.2
11:44:34 - The waiter Marian Paździoch took the order to the table no.40
	and got a tip 9.0 PLN
11:44:42 - The machine placed a random order no.14
11:44:48 - The machine placed a random order no.15
11:45:23 - The machine placed a random order no.16
11:45:32 - The kitchen has completed the order no.3
11:45:32 - The waiter Marian Paździoch took the order to the table no.74
	and got a tip 6.0 PLN
11:45:38 - The kitchen has completed the order no.7
11:45:38 - The waiter Sławomir Bogumił took the order to the table no.13
	and got a tip 0.0 PLN
11:45:41 - The machine placed a random order no.17
11:46:10 - The machine placed a random order no.18
11:46:29 - The kitchen has completed the order no.8
11:46:29 - The waiter Marian Paździoch took the order to the table no.27
	and got a tip 9.0 PLN
11:46:57 - The machine placed a random order no.19
11:47:8 - The kitchen has completed the order no.9
11:47:8 - The waiter Marian Paździoch took the order to the table no.79
	and got a tip 6.0 PLN
11:47:48 - The machine placed a random order no.20
11:47:52 - The kitchen has completed the order no.11
11:47:52 - The waiter Sławomir Bogumił took the order to the table no.27
	and got a tip 7.0 PLN
