19:5:35 - Items loaded from memory
19:5:35 - The kitchen changes status to open
19:5:35 - The machine placed a random order no.1
19:5:35 - The machine placed a random order no.2
19:5:35 - The machine placed a random order no.3
19:5:35 - The machine placed a random order no.4
19:5:35 - The machine placed a random order no.5
19:5:35 - The machine placed a random order no.6
19:5:35 - The machine placed a random order no.7
19:5:35 - The machine placed a random order no.8
19:5:35 - The machine placed a random order no.9
19:5:35 - The machine placed a random order no.10
19:5:45 - The machine placed a random order no.11
19:5:45 - The kitchen has completed the order no.1
19:5:45 - Deliverer Arnold Boczek (tel. 222127222)
		starting delivery of the order no.1 from the hour 07:05:35
19:5:55 - The kitchen has completed the order no.4
19:5:55 - The waiter Olga Brzoza finished the order and got a tip 17.0 PLN
19:6:33 - The machine placed a random order no.12
19:6:36 - The deliverer Arnold Boczekdelivered order no.1to Drewniana 6
	and got a tip 33.0PLN
19:6:36 - The kitchen has completed the order no.5
19:6:36 - The waiter Marian Paździoch finished the order and got a tip 102.0 PLN
19:6:38 - The machine placed a random order no.13
19:6:41 - The machine placed a random order no.14
19:6:46 - The machine placed a random order no.15
19:6:46 - The kitchen has completed the order no.9
19:6:46 - The waiter Marian Paździoch finished the order and got a tip 16.0 PLN
19:6:55 - The machine placed a random order no.16
19:7:10 - The machine placed a random order no.17
19:7:12 - The kitchen has completed the order no.10
19:7:12 - The waiter Marian Paździoch finished the order and got a tip 73.0 PLN
19:7:24 - The machine placed a random order no.18
19:7:36 - The machine placed a random order no.19
19:7:53 - The machine placed a random order no.20
19:7:58 - The kitchen has completed the order no.15
19:7:58 - The waiter Marian Paździoch finished the order and got a tip 117.0 PLN
19:8:44 - The kitchen has completed the order no.16
19:8:44 - The waiter Marian Paździoch finished the order and got a tip 119.0 PLN
19:8:49 - The machine placed a random order no.21
19:8:59 - The kitchen has completed the order no.17
19:8:59 - The waiter Olga Brzoza finished the order and got a tip 42.0 PLN
19:9:15 - The machine placed a random order no.22
19:9:30 - The kitchen has completed the order no.18
19:9:30 - The waiter Marian Paździoch finished the order and got a tip 79.0 PLN
19:9:55 - The machine placed a random order no.23
19:10:0 - The machine placed a random order no.24
19:10:21 - The kitchen has completed the order no.2
19:10:21 - Deliverer Arnold Boczek (tel. 222127222)
		starting delivery of the order no.2 from the hour 07:05:35
19:10:26 - The machine placed a random order no.25
19:10:42 - The deliverer Arnold Boczekdelivered order no.2to Kubusia Puchatka 79
	and got a tip 78.0PLN
19:10:52 - The kitchen has completed the order no.3
19:10:52 - Deliverer Edward Listonosz (tel. 604114771)
		starting delivery of the order no.3 from the hour 07:05:35
19:10:53 - The machine placed a random order no.26
19:11:12 - The deliverer Edward Listonoszdelivered order no.3to Drewniana 5
	and got a tip 51.0PLN
19:11:23 - The kitchen has completed the order no.25
19:11:23 - The waiter Olga Brzoza finished the order and got a tip 50.0 PLN
19:11:32 - The machine placed a random order no.27
19:11:48 - The kitchen has completed the order no.26
19:11:48 - The waiter Marian Paździoch finished the order and got a tip 23.0 PLN
19:12:1 - The machine placed a random order no.28
19:12:9 - The kitchen has completed the order no.6
19:12:9 - Deliverer Roman Kurski (tel. 223182091)
		starting delivery of the order no.6 from the hour 07:05:35
19:12:19 - The machine placed a random order no.29
19:12:29 - The kitchen has completed the order no.7
19:12:29 - Deliverer Karol Krawczyk (tel. 131019980)
		starting delivery of the order no.7 from the hour 07:05:35
19:12:55 - The kitchen has completed the order no.29
19:12:55 - The waiter Marian Paździoch finished the order and got a tip 32.0 PLN
